<?xml version="1.0" encoding="UTF-8"?>
<testng-results skipped="0" failed="0" ignored="0" total="1" passed="1">
  <reporter-output>
  </reporter-output>
  <suite name="Default suite" duration-ms="14582" started-at="2019-09-03T16:20:09Z" finished-at="2019-09-03T16:20:23Z">
    <groups>
    </groups>
    <test name="Default test" duration-ms="14582" started-at="2019-09-03T16:20:09Z" finished-at="2019-09-03T16:20:23Z">
      <class name="com.Anisha.AutomationFramework.NewTest">
        <test-method status="PASS" signature="f()[pri:0, instance:com.Anisha.AutomationFramework.NewTest@724af044]" name="f" duration-ms="14531" started-at="2019-09-03T16:20:09Z" finished-at="2019-09-03T16:20:23Z">
          <reporter-output>
          </reporter-output>
        </test-method> <!-- f -->
      </class> <!-- com.Anisha.AutomationFramework.NewTest -->
    </test> <!-- Default test -->
  </suite> <!-- Default suite -->
</testng-results>
